----------------------------------------------------------------
Tue Jul 12 12:49:50 PDT 2016:
Booting Derby version The Apache Software Foundation - Apache Derby - 10.12.1.1 - (1704137): instance a816c00e-0155-e0a8-8bea-00000e623450 
on database directory D:\Projects\GitLab\EnfluxSuitController\modulesDB with class loader sun.misc.Launcher$AppClassLoader@4e25154f 
Loaded from file:/D:/Projects/GitLab/EnfluxSuitController/Assets/Plugins/Sensors/EVRModuleServer.jar
java.vendor=Oracle Corporation
java.runtime.version=1.8.0_31-b13
user.dir=D:\Projects\GitLab\EnfluxSuitController
os.name=Windows 8.1
os.arch=amd64
os.version=6.3
derby.system.home=null
Database Class Loader started - derby.database.classpath=''
----------------------------------------------------------------
Tue Jul 12 12:50:08 PDT 2016:
Shutting down instance a816c00e-0155-e0a8-8bea-00000e623450 on database directory D:\Projects\GitLab\EnfluxSuitController\modulesDB with class loader sun.misc.Launcher$AppClassLoader@4e25154f 
----------------------------------------------------------------
Tue Jul 12 12:50:14 PDT 2016:
Booting Derby version The Apache Software Foundation - Apache Derby - 10.12.1.1 - (1704137): instance 004b0019-0155-e0a8-8bea-00000e623450 
on database directory D:\Projects\GitLab\EnfluxSuitController\modulesDB with class loader sun.misc.Launcher$AppClassLoader@4e25154f 
Loaded from file:/D:/Projects/GitLab/EnfluxSuitController/Assets/Plugins/Sensors/EVRModuleServer.jar
java.vendor=Oracle Corporation
java.runtime.version=1.8.0_31-b13
user.dir=D:\Projects\GitLab\EnfluxSuitController
os.name=Windows 8.1
os.arch=amd64
os.version=6.3
derby.system.home=null
Database Class Loader started - derby.database.classpath=''
----------------------------------------------------------------
Tue Jul 12 12:50:14 PDT 2016:
Shutting down instance 004b0019-0155-e0a8-8bea-00000e623450 on database directory D:\Projects\GitLab\EnfluxSuitController\modulesDB with class loader sun.misc.Launcher$AppClassLoader@4e25154f 
